Removed Pin From Net: NetName=CS Pin=CAN CS-1
Removed Pin From Net: NetName=CAN_CS Pin=CAN CS-2
Removed Pin From Net: NetName=D2 Pin=CAN Int-1
Removed Pin From Net: NetName=CAN_INT Pin=CAN Int-2
Removed Pin From Net: NetName=GND Pin=RST-1
Removed Pin From Net: NetName=RESET Pin=RST-3
Removed Member From Class: ClassName=CAN Expansion V1 Member=CAN CS
Removed Member From Class: ClassName=CAN Expansion V1 Member=CAN Int
Removed Member From Class: ClassName=CAN Expansion V1 Member=RST
Added Component: Designator=CAN_CS(SMT-JUMPER_2_NC_TRACE_SILK)
Add component (AddParameter): Name = "DeviceName"; Value = "_SILK"; VariantName = "[No Variations]"
Add component (AddParameter): Name = "DeviceSetName"; Value = "JUMPER-SMT_2_NC_TRACE"; VariantName = "[No Variations]"
Add component (AddParameter): Name = "GateName_1"; Value = "G$1"; VariantName = "[No Variations]"
Add component (AddParameter): Name = "LibraryName"; Value = "SparkFun-Jumpers"; VariantName = "[No Variations]"
Add component (AddParameter): Name = "Package"; Value = "SMT-JUMPER_2_NC_TRACE_SILK"; VariantName = "[No Variations]"
Add component (AddParameter): Name = "SymbolName_1"; Value = "SMT-JUMPER_2_NC_TRACE"; VariantName = "[No Variations]"
Added Component: Designator=CAN_INT(SMT-JUMPER_2_NC_TRACE_SILK)
Add component (AddParameter): Name = "DeviceName"; Value = "_SILK"; VariantName = "[No Variations]"
Add component (AddParameter): Name = "DeviceSetName"; Value = "JUMPER-SMT_2_NC_TRACE"; VariantName = "[No Variations]"
Add component (AddParameter): Name = "GateName_1"; Value = "G$1"; VariantName = "[No Variations]"
Add component (AddParameter): Name = "LibraryName"; Value = "SparkFun-Jumpers"; VariantName = "[No Variations]"
Add component (AddParameter): Name = "Package"; Value = "SMT-JUMPER_2_NC_TRACE_SILK"; VariantName = "[No Variations]"
Add component (AddParameter): Name = "SymbolName_1"; Value = "SMT-JUMPER_2_NC_TRACE"; VariantName = "[No Variations]"
Added Component: Designator=RES(B3FS4002P)
Add component (AddParameter): Name = "Arrow Part Number"; Value = "B3FS-4002P"; VariantName = "[No Variations]"
Add component (AddParameter): Name = "Arrow Price/Stock"; Value = "https://www.arrow.com/en/products/b3fs-4002p/omron?region=nac"; VariantName = "[No Variations]"
Add component (AddParameter): Name = "Datasheet Link"; Value = "http://omronfs.omron.com/en_US/ecb/products/pdf/en-b3fs_4.pdf"; VariantName = "[No Variations]"
Add component (AddParameter): Name = "Geometry.Height"; Value = "4mm"; VariantName = "[No Variations]"
Add component (AddParameter): Name = "Manufacturer_Name"; Value = "Omron Electronics"; VariantName = "[No Variations]"
Add component (AddParameter): Name = "Manufacturer_Part_Number"; Value = "B3FS-4002P"; VariantName = "[No Variations]"
Add component (AddParameter): Name = "Mouser Part Number"; Value = "653-B3FS-4002P"; VariantName = "[No Variations]"
Add component (AddParameter): Name = "Mouser Price/Stock"; Value = "https://www.mouser.co.uk/ProductDetail/Omron-Electronics/B3FS-4002P?qs=%2Fv%252BM2iqGzeVovpzrTEhCpQ%3D%3D"; VariantName = "[No Variations]"
Added Component: Designator=SPI?(SAMTEC_TSW-103-07-F-D)
Add component (AddParameter): Name = "Availability"; Value = "Unavailable"; VariantName = "[No Variations]"
Add component (AddParameter): Name = "MF"; Value = "Samtec"; VariantName = "[No Variations]"
Add component (AddParameter): Name = "MP"; Value = "TSW-103-07-F-D"; VariantName = "[No Variations]"
Add component (AddParameter): Name = "Package"; Value = "None"; VariantName = "[No Variations]"
Add component (AddParameter): Name = "Price"; Value = "None"; VariantName = "[No Variations]"
Add component (AddParameter): Name = "Value"; Value = ""; VariantName = "[No Variations]"
Added Pin To Net: NetName=CS Pin=CAN_CS-1
Added Pin To Net: NetName=CAN_CS Pin=CAN_CS-2
Added Pin To Net: NetName=D2 Pin=CAN_INT-1
Added Pin To Net: NetName=CAN_INT Pin=CAN_INT-2
Added Pin To Net: NetName=GND Pin=RES-1
Added Pin To Net: NetName=RESET Pin=RES-4
Added Pin To Net: NetName=CAN_MISO Pin=SPI?-01
Added Pin To Net: NetName=CAN_MISO Pin=SPI?-02
Added Pin To Net: NetName=CAN_MOSI Pin=SPI?-03
Added Pin To Net: NetName=CAN_MOSI Pin=SPI?-04
Added Pin To Net: NetName=CAN_SCK Pin=SPI?-05
Added Pin To Net: NetName=CAN_SCK Pin=SPI?-06
Added Member To Class: ClassName=CAN Expansion V1 Member=Component CAN_CS
Added Member To Class: ClassName=CAN Expansion V1 Member=Component CAN_INT
Added Member To Class: ClassName=CAN Expansion V1 Member=Component RES B3FS-4002P
Added Member To Class: ClassName=CAN Expansion V1 Member=Component SPI? TSW-103-07-F-D
Added Member To Class: ClassName=CAN Expansion V1 Member=Component Y2 8MHz
