Removed Pin From Net: NetName=GND Pin=3v3 Reg-1
Removed Pin From Net: NetName=VCC Pin=3v3 Reg-3
Removed Pin From Net: NetName=CANL Pin=CAN-1
Removed Pin From Net: NetName=CANH Pin=CAN-2
Removed Pin From Net: NetName=D8 Pin=CAN CS-1
Removed Pin From Net: NetName=VCC Pin=Left Comms-1
Removed Pin From Net: NetName=CS Pin=Left Comms-2
Removed Pin From Net: NetName=CAN_SCK Pin=Left Comms-3
Removed Pin From Net: NetName=CAN_MOSI Pin=Left Comms-4
Removed Pin From Net: NetName=CAN_MISO Pin=Left Comms-5
Removed Pin From Net: NetName=GND Pin=Left Comms-6
Removed Pin From Net: NetName=GND Pin=Power In-1
Removed Pin From Net: NetName=Net5v0 Reg_1 Pin=Power In-2
Removed Pin From Net: NetName=CAN_MISO Pin=SPI-01
Removed Pin From Net: NetName=CAN_MISO Pin=SPI-02
Removed Pin From Net: NetName=CAN_MOSI Pin=SPI-03
Removed Pin From Net: NetName=CAN_MOSI Pin=SPI-04
Removed Pin From Net: NetName=CAN_SCK Pin=SPI-05
Removed Pin From Net: NetName=CAN_SCK Pin=SPI-06
Removed Pin From Net: NetName=CANH Pin=TermRes-2
Removed Pin From Net: NetName=CANL Pin=Term Res-2
Removed Member From Class: ClassName=Microprocessor Module (328) Member=3v3 Reg
Removed Member From Class: ClassName=Microprocessor Module (328) Member=Left Comms
Removed Member From Class: ClassName=Microprocessor Module (328) Member=Power In
Removed Member From Class: ClassName=Microprocessor Module (328) Member=Right Comms
Removed Member From Class: ClassName=Microprocessor Module (328) Member=SPI
Removed Member From Class: ClassName=Microprocessor Module (328) Member=Term Res
Added Component: Designator=CAN(SAMTEC_TSW-104-07-F-S)
Add component (AddParameter): Name = "Availability"; Value = "Unavailable"; VariantName = "[No Variations]"
Add component (AddParameter): Name = "MF"; Value = "Samtec"; VariantName = "[No Variations]"
Add component (AddParameter): Name = "MP"; Value = "TSW-104-07-F-S"; VariantName = "[No Variations]"
Add component (AddParameter): Name = "Package"; Value = "None"; VariantName = "[No Variations]"
Add component (AddParameter): Name = "Price"; Value = "None"; VariantName = "[No Variations]"
Add component (AddParameter): Name = "Value"; Value = ""; VariantName = "[No Variations]"
Added Component: Designator=CAN TR(RESC2013X60X40LL20T25)
Add component (AddParameter): Name = "Manufacturer"; Value = "Panasonic"; VariantName = "[No Variations]"
Add component (AddParameter): Name = "Part Number"; Value = "ERA6AEB473V"; VariantName = "[No Variations]"
Added Component: Designator=SENS-1(SAMTEC_TSW-103-07-F-S)
Add component (AddParameter): Name = "Availability"; Value = "Unavailable"; VariantName = "[No Variations]"
Add component (AddParameter): Name = "MF"; Value = "Samtec"; VariantName = "[No Variations]"
Add component (AddParameter): Name = "MP"; Value = "TSW-103-07-F-S"; VariantName = "[No Variations]"
Add component (AddParameter): Name = "Package"; Value = "None"; VariantName = "[No Variations]"
Add component (AddParameter): Name = "Price"; Value = "None"; VariantName = "[No Variations]"
Add component (AddParameter): Name = "Value"; Value = ""; VariantName = "[No Variations]"
Added Component: Designator=SENS-2(SAMTEC_TSW-103-07-F-S)
Add component (AddParameter): Name = "Availability"; Value = "Unavailable"; VariantName = "[No Variations]"
Add component (AddParameter): Name = "MF"; Value = "Samtec"; VariantName = "[No Variations]"
Add component (AddParameter): Name = "MP"; Value = "TSW-103-07-F-S"; VariantName = "[No Variations]"
Add component (AddParameter): Name = "Package"; Value = "None"; VariantName = "[No Variations]"
Add component (AddParameter): Name = "Price"; Value = "None"; VariantName = "[No Variations]"
Add component (AddParameter): Name = "Value"; Value = ""; VariantName = "[No Variations]"
Added Component: Designator=SENS-3(SAMTEC_TSW-103-07-F-S)
Add component (AddParameter): Name = "Availability"; Value = "Unavailable"; VariantName = "[No Variations]"
Add component (AddParameter): Name = "MF"; Value = "Samtec"; VariantName = "[No Variations]"
Add component (AddParameter): Name = "MP"; Value = "TSW-103-07-F-S"; VariantName = "[No Variations]"
Add component (AddParameter): Name = "Package"; Value = "None"; VariantName = "[No Variations]"
Add component (AddParameter): Name = "Price"; Value = "None"; VariantName = "[No Variations]"
Add component (AddParameter): Name = "Value"; Value = ""; VariantName = "[No Variations]"
Added Component: Designator=SENS-4(SAMTEC_TSW-103-07-F-S)
Add component (AddParameter): Name = "Availability"; Value = "Unavailable"; VariantName = "[No Variations]"
Add component (AddParameter): Name = "MF"; Value = "Samtec"; VariantName = "[No Variations]"
Add component (AddParameter): Name = "MP"; Value = "TSW-103-07-F-S"; VariantName = "[No Variations]"
Add component (AddParameter): Name = "Package"; Value = "None"; VariantName = "[No Variations]"
Add component (AddParameter): Name = "Price"; Value = "None"; VariantName = "[No Variations]"
Add component (AddParameter): Name = "Value"; Value = ""; VariantName = "[No Variations]"
Added Pin To Net: NetName=VCC Pin=CAN-01
Added Pin To Net: NetName=GND Pin=CAN-02
Added Pin To Net: NetName=CANL Pin=CAN-03
Added Pin To Net: NetName=CANH Pin=CAN-04
Added Pin To Net: NetName=CS Pin=CAN CS-1
Added Pin To Net: NetName=CANH Pin=CAN TR-1
Added Pin To Net: NetName=GND Pin=SENS-1-01
Added Pin To Net: NetName=A0 Pin=SENS-1-02
Added Pin To Net: NetName=VCC Pin=SENS-1-03
Added Pin To Net: NetName=GND Pin=SENS-2-01
Added Pin To Net: NetName=A1 Pin=SENS-2-02
Added Pin To Net: NetName=VCC Pin=SENS-2-03
Added Pin To Net: NetName=GND Pin=SENS-3-01
Added Pin To Net: NetName=A2 Pin=SENS-3-02
Added Pin To Net: NetName=VCC Pin=SENS-3-03
Added Pin To Net: NetName=GND Pin=SENS-4-01
Added Pin To Net: NetName=A3 Pin=SENS-4-02
Added Pin To Net: NetName=VCC Pin=SENS-4-03
Added Pin To Net: NetName=CANL Pin=TermRes-1
Added Pin To Net: NetName=NetCAN TR_2 Pin=CAN TR-2
Added Pin To Net: NetName=NetCAN TR_2 Pin=TermRes-2
Added Net: Name=NetCAN TR_2
Added Member To Class: ClassName=Microprocessor Module (328) Member=Component CAN TR 0R
Added Member To Class: ClassName=Microprocessor Module (328) Member=Component SENS-1 TSW-103-07-F-S
Added Member To Class: ClassName=Microprocessor Module (328) Member=Component SENS-2 TSW-103-07-F-S
Added Member To Class: ClassName=Microprocessor Module (328) Member=Component SENS-3 TSW-103-07-F-S
Added Member To Class: ClassName=Microprocessor Module (328) Member=Component SENS-4 TSW-103-07-F-S
Added Room: Name=Microprocessor Module (328)
